<?xml version="1.0" encoding="UTF-8"?>
<!-- Generated by org.testng.reporters.JUnitReportReporter -->
<testsuite hostname="LAPTOP-RULS43T2" failures="0" tests="6" name="test.testNg" time="26.299" errors="0" timestamp="2022-10-08T17:16:05 IST" skipped="2">
  <testcase classname="test.testNg" name="verifyTheReturnToMessengerButton" time="10.275"/>
  <system-out/>
  <testcase classname="test.testNg" name="verifyTheHelpCenter" time="6.094"/>
  <system-out/>
  <testcase classname="test.testNg" name="verifyTheReturnToMessengerButton" time="3.381"/>
  <system-out/>
  <testcase classname="test.testNg" name="verifyTheHelpCenter" time="6.549"/>
  <system-out/>
  <testcase classname="test.testNg" name="checkTheLogin">
    <skipped/>
  </testcase> <!-- checkTheLogin -->
  <system-out/>
  <testcase classname="test.testNg" name="checkTheLogin">
    <skipped/>
  </testcase> <!-- checkTheLogin -->
  <system-out/>
</testsuite> <!-- test.testNg -->
