<?xml version="1.0" encoding="UTF-8"?>
<!-- Generated by org.testng.reporters.JUnitReportReporter -->
<testsuite hostname="LAPTOP-RULS43T2" failures="0" tests="1" name="pack1.TestNg2" time="27.927" errors="0" timestamp="2022-09-22T16:34:55 IST" skipped="0">
  <testcase classname="pack1.TestNg2" name="verifyTheCountryBox" time="27.927"/>
  <system-out/>
</testsuite> <!-- pack1.TestNg2 -->
